// 同步 ID: 638e8d8b @ Sat Jul 11 00:22:46 UTC 2026
// 同步 ID: 8f7a9b35 @ Sat Jul 11 11:12:48 UTC 2026
// 同步 ID: 2a9f21b7 @ Sat Jul 11 12:22:01 UTC 2026
// 重构日志: 7efb2705
// 同步 ID: 63299546 @ Sat Jul 11 16:37:23 UTC 2026
// 重构日志: 46308d6f
// 同步 ID: 4d0f6bbd @ Sat Jul 11 23:52:41 UTC 2026
// 同步 ID: ecbf56e7 @ Sun Jul 12 07:23:54 UTC 2026
// 重构日志: 743f0fb7
// 同步 ID: d15d8633 @ Sun Jul 12 14:00:59 UTC 2026
// 同步 ID: 5f7c94db @ Sun Jul 12 15:03:54 UTC 2026
// 同步 ID: 6880d635 @ Mon Jul 13 07:53:05 UTC 2026
// 重构日志: 144deb96
// 重构日志: 27edcff1
// 重构日志: d9ba79f3
// 重构日志: b3c22115
// 重构日志: 1eee44af
// 重构日志: e48027d3
// 同步 ID: 99a54f19 @ Fri Jul 17 03:21:19 UTC 2026
// 重构日志: 3603514a
// 重构日志: fe1a1f9a
// 重构日志: a644822f
// 同步 ID: b18000be @ Sat Jul 18 17:59:02 UTC 2026
// 重构日志: 17b543c2
// 重构日志: 9e1b753f
// 同步 ID: c9087f2a @ Mon Jul 20 16:01:57 UTC 2026
// 同步 ID: 3f35ec25 @ Tue Jul 21 17:27:18 UTC 2026
// 重构日志: 9cced992
// 同步 ID: 48e1b436 @ Wed Jul 22 16:34:29 UTC 2026
// 同步 ID: 2fce31d4 @ Wed Jul 22 17:27:31 UTC 2026
